2025-12-04 08:14:55,761 - __main__ - INFO - ================================================================================
2025-12-04 08:14:55,761 - __main__ - INFO - NOURISH BEAUTY DATA WAREHOUSE - ETL PIPELINE
2025-12-04 08:14:55,761 - __main__ - INFO -    Author: Raudatul Sholehah - 2310817220002
2025-12-04 08:14:55,761 - __main__ - INFO -    Date: 2025-12-04 08:14:55
2025-12-04 08:14:55,761 - __main__ - INFO - ================================================================================
2025-12-04 08:14:55,761 - __main__ - INFO - 
STEP 1: Testing Database Connection...
2025-12-04 08:14:56,036 - __main__ - INFO - 
STEP 2: EXTRACT PHASE
2025-12-04 08:14:56,036 - __main__ - INFO - --------------------------------------------------------------------------------
2025-12-04 08:14:56,455 - __main__ - INFO - Extracting Sales Data...
2025-12-04 08:14:56,455 - etl.extract.extract_sales - INFO - üîÑ Starting sales data extraction...
2025-12-04 08:14:56,455 - etl.extract.extract_sales - INFO - ‚úÖ Loaded 1002 rows from SuperMarket-Analysis-penjualan.csv
2025-12-04 08:14:56,455 - etl.extract.extract_sales - INFO -    Columns: ['id_invoice', 'cabang', 'kota', 'tipe_customer', 'jenis_kelamin', 'kategori_produk', 'harga_satuan', 'jumlah', 'pajak_5_persen', 'tanggal', 'waktu', 'metode_pembayaran', 'total_penjualan_sebelum_pajak', 'persentase_gross_margin', 'pendapatan_kotor', 'rating']
2025-12-04 08:14:56,485 - etl.extract.extract_sales - INFO - üíæ Saved to staging: D:\FILE SM 5\nourish-beauty-dwh-uiux\data\staging\staging_sales.csv
2025-12-04 08:14:56,485 - etl.extract.extract_sales - INFO - üîÑ Loading sales data to staging_sales table...
2025-12-04 08:14:56,555 - etl.extract.extract_sales - ERROR - ‚ùå Error loading to staging: Not an executable object: 'TRUNCATE TABLE staging_sales'
2025-12-04 08:14:56,555 - __main__ - ERROR - 
================================================================================
2025-12-04 08:14:56,555 - __main__ - ERROR - ETL PIPELINE FAILED: Not an executable object: 'TRUNCATE TABLE staging_sales'
2025-12-04 08:14:56,555 - __main__ - ERROR - ================================================================================
2025-12-04 08:14:56,570 - __main__ - ERROR - Traceback (most recent call last):
  File "C:\Users\Asus\AppData\Local\Programs\Python\Python311\Lib\site-packages\sqlalchemy\engine\base.py", line 1415, in execute
    meth = statement._execute_on_connection
           ^^^^^^^^^^^^^^^^^^^^^^^^^^^^^^^^
AttributeError: 'str' object has no attribute '_execute_on_connection'

The above exception was the direct cause of the following exception:

Traceback (most recent call last):
  File "D:\FILE SM 5\nourish-beauty-dwh-uiux\run_etl.py", line 69, in run_etl_pipeline
    load_sales_staging(df_sales)
  File "D:\FILE SM 5\nourish-beauty-dwh-uiux\etl\extract\extract_sales.py", line 81, in load_to_staging_db
    conn.execute("TRUNCATE TABLE staging_sales")
  File "C:\Users\Asus\AppData\Local\Programs\Python\Python311\Lib\site-packages\sqlalchemy\engine\base.py", line 1417, in execute
    raise exc.ObjectNotExecutableError(statement) from err
sqlalchemy.exc.ObjectNotExecutableError: Not an executable object: 'TRUNCATE TABLE staging_sales'

