2025-12-07 21:25:39,582 - __main__ - INFO - ================================================================================
2025-12-07 21:25:39,582 - __main__ - INFO - NOURISH BEAUTY DATA WAREHOUSE - ETL PIPELINE
2025-12-07 21:25:39,582 - __main__ - INFO -    Author: Raudatul Sholehah - 2310817220002
2025-12-07 21:25:39,582 - __main__ - INFO -    Date: 2025-12-07 21:25:39
2025-12-07 21:25:39,582 - __main__ - INFO - ================================================================================
2025-12-07 21:25:39,582 - __main__ - INFO - 
2025-12-07 21:25:39,582 - __main__ - INFO - STEP 1: Testing Database Connection
2025-12-07 21:25:39,582 - __main__ - INFO - --------------------------------------------------------------------------------
2025-12-07 21:25:39,969 - __main__ - INFO - 
2025-12-07 21:25:39,969 - __main__ - INFO - STEP 2: EXTRACT PHASE
2025-12-07 21:25:39,969 - __main__ - INFO - --------------------------------------------------------------------------------
2025-12-07 21:25:40,633 - __main__ - INFO - Extracting Sales Data...
2025-12-07 21:25:40,633 - etl.extract.extract_sales - INFO - Starting sales data extraction...
2025-12-07 21:25:40,633 - etl.extract.extract_sales - INFO - Reading file: D:\FILE SM 5\nourish-beauty-dwh-uiux\data\raw\SuperMarket-Analysis-penjualan.csv
2025-12-07 21:25:40,648 - etl.extract.extract_sales - INFO - [OK] Loaded 1000 rows from SuperMarket-Analysis-penjualan.csv
2025-12-07 21:25:40,648 - etl.extract.extract_sales - INFO - Applying transformations...
2025-12-07 21:25:40,648 - etl.transform.transform_sales - INFO - Applying 40 transformation rules to sales data...
2025-12-07 21:25:40,648 - etl.transform.transform_sales - INFO -    Initial row count: 1000
2025-12-07 21:25:40,648 - etl.transform.transform_sales - INFO - RULE 0: Pre-cleaning Indonesian number format...
2025-12-07 21:25:40,666 - etl.transform.transform_sales - INFO -    Fixed persentase_gross_margin scale
2025-12-07 21:25:40,666 - etl.transform.transform_sales - INFO - RULE 1-5: Data Type Conversion
2025-12-07 21:25:40,676 - etl.transform.transform_sales - INFO - RULE 6-10: Handle Missing Values
2025-12-07 21:25:40,682 - etl.transform.transform_sales - INFO - RULE 11-15: Data Cleaning
2025-12-07 21:25:40,686 - etl.transform.transform_sales - INFO - RULE 16-20: Standardization
2025-12-07 21:25:40,690 - etl.transform.transform_sales - INFO - RULE 21-25: Calculate Derived Fields
2025-12-07 21:25:40,696 - etl.transform.transform_sales - INFO - RULE 26-30: Validation & Quality Checks
2025-12-07 21:25:40,698 - etl.transform.transform_sales - INFO - RULE 31-35: Business Logic & Categorization
2025-12-07 21:25:40,707 - etl.transform.transform_sales - INFO - RULE 36-40: Final Cleaning & Outlier Removal
2025-12-07 21:25:40,718 - etl.transform.transform_sales - INFO - [OK] Transformation complete!
2025-12-07 21:25:40,719 - etl.transform.transform_sales - INFO -    Initial rows: 1000
2025-12-07 21:25:40,719 - etl.transform.transform_sales - INFO -    Final rows: 991
2025-12-07 21:25:40,719 - etl.transform.transform_sales - INFO -    Removed: 9 (0.9%)
2025-12-07 21:25:40,719 - etl.transform.transform_sales - INFO -    Retention rate: 99.1%
2025-12-07 21:25:40,735 - etl.extract.extract_sales - INFO - [OK] Saved to staging file: D:\FILE SM 5\nourish-beauty-dwh-uiux\data\staging\staging_sales.csv
2025-12-07 21:25:40,735 - etl.extract.extract_sales - INFO - [OK] Extraction complete: 991 records ready
2025-12-07 21:25:40,735 - etl.extract.extract_sales - INFO - Loading sales data to staging_sales table...
2025-12-07 21:25:40,735 - etl.extract.extract_sales - INFO -    Records to load: 991
2025-12-07 21:25:40,735 - etl.extract.extract_sales - INFO -    Truncating staging_sales table...
2025-12-07 21:25:40,788 - etl.extract.extract_sales - INFO -    Loading data in 2 chunks of 500 rows...
2025-12-07 21:25:40,961 - etl.extract.extract_sales - INFO -    Chunk 1/2 loaded (500 rows)
2025-12-07 21:25:41,121 - etl.extract.extract_sales - INFO -    Chunk 2/2 loaded (491 rows)
2025-12-07 21:25:41,122 - etl.extract.extract_sales - INFO - [OK] Successfully loaded 991 rows to staging_sales
2025-12-07 21:25:41,124 - etl.extract.extract_sales - INFO - [OK] Verified staging_sales row count: 991
2025-12-07 21:25:41,124 - __main__ - INFO - Extracting HR Data...
2025-12-07 21:25:41,124 - etl.extract.extract_hr - INFO - Starting HR data extraction...
2025-12-07 21:25:41,124 - etl.extract.extract_hr - INFO - Reading file: D:\FILE SM 5\nourish-beauty-dwh-uiux\data\raw\HRDataset.csv
2025-12-07 21:25:41,135 - etl.extract.extract_hr - INFO - [OK] Loaded 311 rows from HRDataset.csv
2025-12-07 21:25:41,135 - etl.extract.extract_hr - INFO -    Columns: 36
2025-12-07 21:25:41,137 - etl.extract.extract_hr - INFO -    Converting date column: dob
2025-12-07 21:25:41,142 - etl.extract.extract_hr - INFO -    Converting date column: dateofhire
2025-12-07 21:25:41,142 - etl.extract.extract_hr - INFO -    Converting date column: dateoftermination
2025-12-07 21:25:41,146 - etl.extract.extract_hr - INFO -    Converting date column: lastperformancereview_date
2025-12-07 21:25:41,168 - etl.extract.extract_hr - INFO - [OK] Saved to staging file: D:\FILE SM 5\nourish-beauty-dwh-uiux\data\staging\staging_hr.csv
2025-12-07 21:25:41,168 - etl.extract.extract_hr - INFO - [OK] Extraction complete: 311 records ready
2025-12-07 21:25:41,169 - etl.extract.extract_hr - INFO - Loading HR data to staging_hr table...
2025-12-07 21:25:41,169 - etl.extract.extract_hr - INFO -    Records to load: 311
2025-12-07 21:25:41,169 - etl.extract.extract_hr - INFO -    Truncating staging_hr table...
2025-12-07 21:25:41,233 - etl.extract.extract_hr - INFO -    Loading rows individually...
2025-12-07 21:25:41,664 - etl.extract.extract_hr - INFO -    Progress: 50/311 rows loaded
2025-12-07 21:25:42,114 - etl.extract.extract_hr - INFO -    Progress: 100/311 rows loaded
2025-12-07 21:25:42,575 - etl.extract.extract_hr - INFO -    Progress: 150/311 rows loaded
2025-12-07 21:25:43,013 - etl.extract.extract_hr - INFO -    Progress: 200/311 rows loaded
2025-12-07 21:25:43,559 - etl.extract.extract_hr - INFO -    Progress: 250/311 rows loaded
2025-12-07 21:25:44,058 - etl.extract.extract_hr - INFO -    Progress: 300/311 rows loaded
2025-12-07 21:25:44,186 - etl.extract.extract_hr - INFO -    Progress: 311/311 rows loaded
2025-12-07 21:25:44,186 - etl.extract.extract_hr - INFO - [OK] Successfully loaded 311 rows
2025-12-07 21:25:44,186 - etl.extract.extract_hr - INFO - [OK] Verified row count: 311
2025-12-07 21:25:44,186 - __main__ - INFO - Extracting Marketing Data...
2025-12-07 21:25:44,186 - etl.extract.extract_marketing - INFO - Starting marketing data extraction...
2025-12-07 21:25:44,186 - etl.extract.extract_marketing - INFO - Reading file: D:\FILE SM 5\nourish-beauty-dwh-uiux\data\raw\marketing_campaign.csv
2025-12-07 21:25:44,190 - etl.extract.extract_marketing - INFO -    Trying delimiter: '	'
2025-12-07 21:25:44,194 - etl.extract.extract_marketing - WARNING -    Failed: only 1 columns detected
2025-12-07 21:25:44,194 - etl.extract.extract_marketing - INFO -    Trying delimiter: ';'
2025-12-07 21:25:44,219 - etl.extract.extract_marketing - INFO -    [OK] Successfully read with delimiter ';'
2025-12-07 21:25:44,219 - etl.extract.extract_marketing - INFO -    Columns detected: 29
2025-12-07 21:25:44,219 - etl.extract.extract_marketing - INFO - [OK] Loaded 1000 rows from marketing_campaign.csv
2025-12-07 21:25:44,219 - etl.extract.extract_marketing - INFO -    Columns: ['ID', 'Year_Birth', 'Education', 'Marital_Status', 'Income']... (29 total)
2025-12-07 21:25:44,225 - etl.extract.extract_marketing - INFO -    Converting date column: dt_customer
2025-12-07 21:25:44,253 - etl.extract.extract_marketing - INFO - [OK] Saved to staging file: D:\FILE SM 5\nourish-beauty-dwh-uiux\data\staging\staging_marketing.csv
2025-12-07 21:25:44,254 - etl.extract.extract_marketing - INFO - [OK] Extraction complete: 1000 records ready
2025-12-07 21:25:44,254 - etl.extract.extract_marketing - INFO - Loading marketing data to staging_marketing table...
2025-12-07 21:25:44,254 - etl.extract.extract_marketing - INFO -    Records to load: 1000
2025-12-07 21:25:44,254 - etl.extract.extract_marketing - INFO -    Dropping and recreating staging_marketing table...
2025-12-07 21:25:44,308 - etl.extract.extract_marketing - INFO -    Loading data with auto-schema detection...
2025-12-07 21:25:44,941 - etl.extract.extract_marketing - INFO - [OK] Successfully loaded 1000 rows
2025-12-07 21:25:44,949 - etl.extract.extract_marketing - INFO - [OK] Verified row count: 1000
2025-12-07 21:25:44,950 - __main__ - INFO - [OK] Extract phase completed!
2025-12-07 21:25:44,950 - __main__ - INFO - 
2025-12-07 21:25:44,950 - __main__ - INFO - STEP 3: TRANSFORM PHASE
2025-12-07 21:25:44,950 - __main__ - INFO - --------------------------------------------------------------------------------
2025-12-07 21:25:44,950 - __main__ - INFO - Transformation rules will be applied during load phase
2025-12-07 21:25:44,950 - __main__ - INFO - [OK] 40 transformation rules ready
2025-12-07 21:25:44,951 - __main__ - INFO - 
2025-12-07 21:25:44,951 - __main__ - INFO - STEP 4: LOAD DIMENSIONS
2025-12-07 21:25:44,951 - __main__ - INFO - --------------------------------------------------------------------------------
2025-12-07 21:25:44,953 - etl.load.load_dimensions - INFO - ======================================================================
2025-12-07 21:25:44,953 - etl.load.load_dimensions - INFO - STARTING DIMENSION LOAD PROCESS
2025-12-07 21:25:44,953 - etl.load.load_dimensions - INFO - ======================================================================
2025-12-07 21:25:44,953 - etl.load.load_dimensions - INFO - Loading dim_produk...
2025-12-07 21:25:45,065 - etl.load.load_dimensions - INFO - [OK] Loaded 6 products to dim_produk
2025-12-07 21:25:45,065 - etl.load.load_dimensions - INFO - Loading dim_customer...
2025-12-07 21:25:45,129 - etl.load.load_dimensions - INFO -    Truncated dim_customer table
2025-12-07 21:25:45,192 - etl.load.load_dimensions - INFO -    Loaded chunk 1: 50 rows (Total: 50/1000)
2025-12-07 21:25:45,217 - etl.load.load_dimensions - INFO -    Loaded chunk 2: 50 rows (Total: 100/1000)
2025-12-07 21:25:45,241 - etl.load.load_dimensions - INFO -    Loaded chunk 3: 50 rows (Total: 150/1000)
2025-12-07 21:25:45,270 - etl.load.load_dimensions - INFO -    Loaded chunk 4: 50 rows (Total: 200/1000)
2025-12-07 21:25:45,296 - etl.load.load_dimensions - INFO -    Loaded chunk 5: 50 rows (Total: 250/1000)
2025-12-07 21:25:45,325 - etl.load.load_dimensions - INFO -    Loaded chunk 6: 50 rows (Total: 300/1000)
2025-12-07 21:25:45,355 - etl.load.load_dimensions - INFO -    Loaded chunk 7: 50 rows (Total: 350/1000)
2025-12-07 21:25:45,389 - etl.load.load_dimensions - INFO -    Loaded chunk 8: 50 rows (Total: 400/1000)
2025-12-07 21:25:45,427 - etl.load.load_dimensions - INFO -    Loaded chunk 9: 50 rows (Total: 450/1000)
2025-12-07 21:25:45,451 - etl.load.load_dimensions - INFO -    Loaded chunk 10: 50 rows (Total: 500/1000)
2025-12-07 21:25:45,484 - etl.load.load_dimensions - INFO -    Loaded chunk 11: 50 rows (Total: 550/1000)
2025-12-07 21:25:45,506 - etl.load.load_dimensions - INFO -    Loaded chunk 12: 50 rows (Total: 600/1000)
2025-12-07 21:25:45,532 - etl.load.load_dimensions - INFO -    Loaded chunk 13: 50 rows (Total: 650/1000)
2025-12-07 21:25:45,552 - etl.load.load_dimensions - INFO -    Loaded chunk 14: 50 rows (Total: 700/1000)
2025-12-07 21:25:45,582 - etl.load.load_dimensions - INFO -    Loaded chunk 15: 50 rows (Total: 750/1000)
2025-12-07 21:25:45,599 - etl.load.load_dimensions - INFO -    Loaded chunk 16: 50 rows (Total: 800/1000)
2025-12-07 21:25:45,617 - etl.load.load_dimensions - INFO -    Loaded chunk 17: 50 rows (Total: 850/1000)
2025-12-07 21:25:45,634 - etl.load.load_dimensions - INFO -    Loaded chunk 18: 50 rows (Total: 900/1000)
2025-12-07 21:25:45,650 - etl.load.load_dimensions - INFO -    Loaded chunk 19: 50 rows (Total: 950/1000)
2025-12-07 21:25:45,665 - etl.load.load_dimensions - INFO -    Loaded chunk 20: 50 rows (Total: 1000/1000)
2025-12-07 21:25:45,667 - etl.load.load_dimensions - INFO - [OK] Successfully loaded 1000 customers to dim_customer
2025-12-07 21:25:45,667 - etl.load.load_dimensions - INFO - Loading dim_employee...
2025-12-07 21:25:45,718 - etl.load.load_dimensions - INFO -    Truncated dim_employee table
2025-12-07 21:25:45,768 - etl.load.load_dimensions - INFO -    Loaded chunk 1: 50 rows (Total: 50/311)
2025-12-07 21:25:45,786 - etl.load.load_dimensions - INFO -    Loaded chunk 2: 50 rows (Total: 100/311)
2025-12-07 21:25:45,803 - etl.load.load_dimensions - INFO -    Loaded chunk 3: 50 rows (Total: 150/311)
2025-12-07 21:25:45,820 - etl.load.load_dimensions - INFO -    Loaded chunk 4: 50 rows (Total: 200/311)
2025-12-07 21:25:45,840 - etl.load.load_dimensions - INFO -    Loaded chunk 5: 50 rows (Total: 250/311)
2025-12-07 21:25:45,858 - etl.load.load_dimensions - INFO -    Loaded chunk 6: 50 rows (Total: 300/311)
2025-12-07 21:25:45,873 - etl.load.load_dimensions - INFO -    Loaded chunk 7: 11 rows (Total: 311/311)
2025-12-07 21:25:45,876 - etl.load.load_dimensions - INFO - [OK] Successfully loaded 311 employees to dim_employee
2025-12-07 21:25:45,876 - etl.load.load_dimensions - INFO - Verifying dimension tables...
2025-12-07 21:25:45,951 - etl.load.load_dimensions - INFO - ======================================================================
2025-12-07 21:25:45,952 - etl.load.load_dimensions - INFO - [OK] ALL DIMENSIONS LOADED SUCCESSFULLY!
2025-12-07 21:25:45,952 - etl.load.load_dimensions - INFO - Total time: 1.00 seconds
2025-12-07 21:25:45,952 - etl.load.load_dimensions - INFO - ======================================================================
2025-12-07 21:25:45,952 - __main__ - INFO - 
2025-12-07 21:25:45,952 - __main__ - INFO - STEP 5: LOAD FACT TABLES
2025-12-07 21:25:45,952 - __main__ - INFO - --------------------------------------------------------------------------------
2025-12-07 21:25:45,953 - etl.load.load_facts - INFO - ======================================================================
2025-12-07 21:25:45,953 - etl.load.load_facts - INFO - STARTING FACT TABLES LOAD PROCESS
2025-12-07 21:25:45,953 - etl.load.load_facts - INFO - ======================================================================
2025-12-07 21:25:45,954 - etl.load.load_facts - INFO - Loading fact_sales...
2025-12-07 21:25:46,053 - etl.load.load_facts - INFO - [OK] Loaded 664 rows to fact_sales
2025-12-07 21:25:46,054 - etl.load.load_facts - INFO - Loading fact_marketing_response...
2025-12-07 21:25:46,105 - etl.load.load_facts - INFO -    Debug - Marketing: 1000 rows, dates: 2012-08-01 to 2014-06-29
2025-12-07 21:25:46,106 - etl.load.load_facts - INFO -    Debug - dim_tanggal: 7305 dates, range: 2012-01-01 to 2031-12-31
2025-12-07 21:25:46,106 - etl.load.load_facts - INFO -    Debug - Matching rows after JOIN: 1000
2025-12-07 21:25:46,151 - etl.load.load_facts - INFO - [OK] Loaded 1000 rows to fact_marketing_response
2025-12-07 21:25:46,152 - etl.load.load_facts - INFO - Loading fact_employee_performance...
2025-12-07 21:25:46,213 - etl.load.load_facts - INFO - [OK] Loaded 306 rows to fact_employee_performance
2025-12-07 21:25:46,213 - etl.load.load_facts - INFO - Verifying fact tables...
2025-12-07 21:25:46,279 - etl.load.load_facts - INFO - ======================================================================
2025-12-07 21:25:46,279 - etl.load.load_facts - INFO - [OK] ALL FACT TABLES LOADED SUCCESSFULLY!
2025-12-07 21:25:46,279 - etl.load.load_facts - INFO - Total time: 0.33 seconds
2025-12-07 21:25:46,279 - etl.load.load_facts - INFO - ======================================================================
2025-12-07 21:25:46,279 - __main__ - INFO - 
2025-12-07 21:25:46,279 - __main__ - INFO - STEP 6: EXPORT TO DATA LAKE
2025-12-07 21:25:46,280 - __main__ - INFO - --------------------------------------------------------------------------------
2025-12-07 21:25:46,280 - __main__ - INFO - Bronze Layer: Raw files already in data/lake/raw/
2025-12-07 21:25:46,280 - __main__ - INFO - Exporting to Silver Layer (Processed)...
2025-12-07 21:25:46,282 - etl.export_to_silver_layer - INFO -   → cleaned_sales.parquet
2025-12-07 21:25:46,415 - etl.export_to_silver_layer - INFO -      Exported 991 rows
2025-12-07 21:25:46,415 - etl.export_to_silver_layer - INFO -   → cleaned_hr.parquet
2025-12-07 21:25:46,433 - etl.export_to_silver_layer - INFO -      Exported 311 rows
2025-12-07 21:25:46,434 - etl.export_to_silver_layer - INFO -   → cleaned_marketing.parquet
2025-12-07 21:25:46,457 - etl.export_to_silver_layer - INFO -      Exported 1000 rows
2025-12-07 21:25:46,458 - etl.export_to_silver_layer - INFO - ✅ Silver layer: 3 files created in data\lake\processed
2025-12-07 21:25:46,458 - __main__ - INFO - ✅ Silver layer export completed
2025-12-07 21:25:46,458 - __main__ - INFO - Exporting to Gold Layer (Curated)...
2025-12-07 21:25:46,462 - etl.export_to_gold_layer - INFO -   → sales_daily_summary.parquet
2025-12-07 21:25:46,515 - etl.export_to_gold_layer - ERROR - Failed to export Gold layer: (psycopg2.errors.UndefinedColumn) column "transaction_date" does not exist
LINE 3:                 DATE(transaction_date) as sale_date,
                             ^

[SQL: 
            SELECT 
                DATE(transaction_date) as sale_date,
                branch_code,
                COUNT(*) as transaction_count,
                SUM(quantity) as total_quantity,
                SUM(total_amount) as total_revenue,
                SUM(gross_income) as total_profit,
                AVG(rating) as avg_rating
            FROM staging_sales
            GROUP BY DATE(transaction_date), branch_code
            ORDER BY sale_date DESC
        ]
(Background on this error at: https://sqlalche.me/e/20/f405)
2025-12-07 21:25:46,555 - etl.export_to_gold_layer - ERROR - Traceback (most recent call last):
  File "C:\Users\Asus\AppData\Local\Programs\Python\Python311\Lib\site-packages\sqlalchemy\engine\base.py", line 1969, in _exec_single_context
    self.dialect.do_execute(
  File "C:\Users\Asus\AppData\Local\Programs\Python\Python311\Lib\site-packages\sqlalchemy\engine\default.py", line 922, in do_execute
    cursor.execute(statement, parameters)
psycopg2.errors.UndefinedColumn: column "transaction_date" does not exist
LINE 3:                 DATE(transaction_date) as sale_date,
                             ^


The above exception was the direct cause of the following exception:

Traceback (most recent call last):
  File "D:\FILE SM 5\nourish-beauty-dwh-uiux\etl\export_to_gold_layer.py", line 38, in export_to_gold
    df = pd.read_sql(query, conn)
         ^^^^^^^^^^^^^^^^^^^^^^^^
  File "C:\Users\Asus\AppData\Local\Programs\Python\Python311\Lib\site-packages\pandas\io\sql.py", line 682, in read_sql
    return pandas_sql.read_query(
           ^^^^^^^^^^^^^^^^^^^^^^
  File "C:\Users\Asus\AppData\Local\Programs\Python\Python311\Lib\site-packages\pandas\io\sql.py", line 1776, in read_query
    result = self.execute(sql, params)
             ^^^^^^^^^^^^^^^^^^^^^^^^^
  File "C:\Users\Asus\AppData\Local\Programs\Python\Python311\Lib\site-packages\pandas\io\sql.py", line 1600, in execute
    return self.con.execute(sql, *args)
           ^^^^^^^^^^^^^^^^^^^^^^^^^^^^
  File "C:\Users\Asus\AppData\Local\Programs\Python\Python311\Lib\site-packages\sqlalchemy\engine\base.py", line 1416, in execute
    return meth(
           ^^^^^
  File "C:\Users\Asus\AppData\Local\Programs\Python\Python311\Lib\site-packages\sqlalchemy\sql\elements.py", line 516, in _execute_on_connection
    return connection._execute_clauseelement(
           ^^^^^^^^^^^^^^^^^^^^^^^^^^^^^^^^^^
  File "C:\Users\Asus\AppData\Local\Programs\Python\Python311\Lib\site-packages\sqlalchemy\engine\base.py", line 1639, in _execute_clauseelement
    ret = self._execute_context(
          ^^^^^^^^^^^^^^^^^^^^^^
  File "C:\Users\Asus\AppData\Local\Programs\Python\Python311\Lib\site-packages\sqlalchemy\engine\base.py", line 1848, in _execute_context
    return self._exec_single_context(
           ^^^^^^^^^^^^^^^^^^^^^^^^^^
  File "C:\Users\Asus\AppData\Local\Programs\Python\Python311\Lib\site-packages\sqlalchemy\engine\base.py", line 1988, in _exec_single_context
    self._handle_dbapi_exception(
  File "C:\Users\Asus\AppData\Local\Programs\Python\Python311\Lib\site-packages\sqlalchemy\engine\base.py", line 2343, in _handle_dbapi_exception
    raise sqlalchemy_exception.with_traceback(exc_info[2]) from e
  File "C:\Users\Asus\AppData\Local\Programs\Python\Python311\Lib\site-packages\sqlalchemy\engine\base.py", line 1969, in _exec_single_context
    self.dialect.do_execute(
  File "C:\Users\Asus\AppData\Local\Programs\Python\Python311\Lib\site-packages\sqlalchemy\engine\default.py", line 922, in do_execute
    cursor.execute(statement, parameters)
sqlalchemy.exc.ProgrammingError: (psycopg2.errors.UndefinedColumn) column "transaction_date" does not exist
LINE 3:                 DATE(transaction_date) as sale_date,
                             ^

[SQL: 
            SELECT 
                DATE(transaction_date) as sale_date,
                branch_code,
                COUNT(*) as transaction_count,
                SUM(quantity) as total_quantity,
                SUM(total_amount) as total_revenue,
                SUM(gross_income) as total_profit,
                AVG(rating) as avg_rating
            FROM staging_sales
            GROUP BY DATE(transaction_date), branch_code
            ORDER BY sale_date DESC
        ]
(Background on this error at: https://sqlalche.me/e/20/f405)

2025-12-07 21:25:46,556 - __main__ - WARNING - [WARN] Data Lake export failed: (psycopg2.errors.UndefinedColumn) column "transaction_date" does not exist
LINE 3:                 DATE(transaction_date) as sale_date,
                             ^

[SQL: 
            SELECT 
                DATE(transaction_date) as sale_date,
                branch_code,
                COUNT(*) as transaction_count,
                SUM(quantity) as total_quantity,
                SUM(total_amount) as total_revenue,
                SUM(gross_income) as total_profit,
                AVG(rating) as avg_rating
            FROM staging_sales
            GROUP BY DATE(transaction_date), branch_code
            ORDER BY sale_date DESC
        ]
(Background on this error at: https://sqlalche.me/e/20/f405)
2025-12-07 21:25:46,557 - __main__ - WARNING -        Main DW pipeline successful. Lake export is optional.
2025-12-07 21:25:46,557 - __main__ - INFO - 
2025-12-07 21:25:46,557 - __main__ - INFO - STEP 7: DATA VERIFICATION
2025-12-07 21:25:46,557 - __main__ - INFO - --------------------------------------------------------------------------------
2025-12-07 21:25:46,612 - __main__ - INFO - 
Data Warehouse Row Counts:
2025-12-07 21:25:46,613 - __main__ - INFO - 
               table_name  row_count
               dim_cabang          6
             dim_customer       1000
             dim_employee        311
              dim_payment          6
               dim_produk          6
              dim_tanggal       7305
fact_employee_performance        306
  fact_marketing_response       1000
               fact_sales        664
2025-12-07 21:25:46,613 - __main__ - INFO - 
Data Lake Status:
2025-12-07 21:25:46,614 - __main__ - INFO -   Bronze Layer: 3 files
2025-12-07 21:25:46,614 - __main__ - INFO -   Silver Layer: 3 files
2025-12-07 21:25:46,614 - __main__ - INFO -   Gold Layer: 0 files
2025-12-07 21:25:46,614 - __main__ - INFO - 
2025-12-07 21:25:46,614 - __main__ - INFO - ================================================================================
2025-12-07 21:25:46,615 - __main__ - INFO - [OK] ETL PIPELINE COMPLETED SUCCESSFULLY!
2025-12-07 21:25:46,615 - __main__ - INFO - ================================================================================
2025-12-07 21:25:46,615 - __main__ - INFO - Log file: logs\etl_pipeline_20251207_212539.log
2025-12-07 21:25:46,615 - __main__ - INFO - Duration: 7.03 seconds
2025-12-07 21:25:46,615 - __main__ - INFO - Completed at: 2025-12-07 21:25:46
2025-12-07 21:25:46,615 - __main__ - INFO - ================================================================================
